<?xml version="1.0" encoding="UTF-8"?>
<!-- Generated by org.testng.reporters.JUnitReportReporter -->
<testsuite hostname="mucwft068" failures="0" tests="1" name="TestAutomation.TestBuyNow" time="2.921" errors="0" timestamp="18 Aug 2022 14:08:20 GMT">
  <testcase classname="TestAutomation.TestBuyNow" name="testBuyNowClick" time="2.921"/>
</testsuite> <!-- TestAutomation.TestBuyNow -->
